<?xml version="1.0" encoding="UTF-8"?>
<!-- Generated by org.testng.reporters.JUnitReportReporter -->
<testsuite skipped="0" hostname="HDC4-D-396YQG2" name="mavenPackage.TestNg" tests="2" failures="0" timestamp="29 Oct 2019 10:59:10 GMT" time="0.017" errors="0">
  <testcase name="displayd" time="0.002" classname="mavenPackage.TestNg"/>
  <testcase name="displaya" time="0.015" classname="mavenPackage.TestNg"/>
</testsuite> <!-- mavenPackage.TestNg -->
