<?xml version="1.0" encoding="UTF-8"?>
<!-- Generated by org.testng.reporters.JUnitReportReporter -->
<testsuite skipped="1" hostname="HDC4-D-396YQG2" name="mavenPackage.Invocation" tests="4" failures="0" timestamp="29 Oct 2019 12:28:32 GMT" time="0.025" errors="0">
  <testcase name="login3" time="0.005" classname="mavenPackage.Invocation"/>
  <testcase name="login2" time="0.018" classname="mavenPackage.Invocation"/>
  <testcase name="login4" time="0.002" classname="mavenPackage.Invocation"/>
  <testcase name="login" classname="mavenPackage.Invocation">
    <skipped/>
  </testcase> <!-- login -->
</testsuite> <!-- mavenPackage.Invocation -->
